<?xml version="1.0" encoding="UTF-8"?>
<!-- Generated by org.testng.reporters.JUnitReportReporter -->
<testsuite hostname="Sasi" failures="0" tests="8" name="Runner.LoginAsUser" time="26.593" errors="0" timestamp="21 Nov 2022 08:51:14 GMT" skipped="7">
  <testcase classname="Runner.LoginAsUser" name="MakeAndModel" time="26.593"/>
  <testcase classname="Runner.LoginAsUser" name="filters_BodyType">
    <skipped/>
  </testcase> <!-- filters_BodyType -->
  <testcase classname="Runner.LoginAsUser" name="moreFilters">
    <skipped/>
  </testcase> <!-- moreFilters -->
  <testcase classname="Runner.LoginAsUser" name="wishList">
    <skipped/>
  </testcase> <!-- wishList -->
  <testcase classname="Runner.LoginAsUser" name="filters_Feature">
    <skipped/>
  </testcase> <!-- filters_Feature -->
  <testcase classname="Runner.LoginAsUser" name="filters_Performance">
    <skipped/>
  </testcase> <!-- filters_Performance -->
  <testcase classname="Runner.LoginAsUser" name="filters_Payment">
    <skipped/>
  </testcase> <!-- filters_Payment -->
  <testcase classname="Runner.LoginAsUser" name="filters_Price">
    <skipped/>
  </testcase> <!-- filters_Price -->
</testsuite> <!-- Runner.LoginAsUser -->
